<?xml version="1.0" encoding="UTF-8"?>
<robot generator="Robot 7.3.1 (Python 3.12.2 on darwin)" generated="2025-06-26T08:42:38.895776" rpa="false" schemaversion="5">
<suite id="s1" name="registerUser test" source="/Users/riabani/Desktop/UPDS/2025/Programacion IV/Selenium/TestSuite/tests/registerUser_test.robot">
<test id="s1-t1" name="Registrar nuevo usuario" line="9">
<kw name="Abrir Navegador" owner="registerUser_keywords">
<kw name="Open Browser" owner="SeleniumLibrary">
<msg time="2025-06-26T08:42:39.079813" level="INFO">Opening browser 'chrome' to base url 'http://127.0.0.1:5500'.</msg>
<arg>${URL}</arg>
<arg>${BROWSER}</arg>
<doc>Opens a new browser instance to the optional ``url``.</doc>
<status status="PASS" start="2025-06-26T08:42:39.079519" elapsed="1.250682"/>
</kw>
<kw name="Sleep" owner="BuiltIn">
<msg time="2025-06-26T08:42:42.332502" level="INFO">Slept 2 seconds.</msg>
<arg>${WAIT}</arg>
<doc>Pauses the test executed for the given time.</doc>
<status status="PASS" start="2025-06-26T08:42:40.331018" elapsed="2.001677"/>
</kw>
<kw name="Maximize Browser Window" owner="SeleniumLibrary">
<doc>Maximizes current browser window.</doc>
<status status="PASS" start="2025-06-26T08:42:42.333005" elapsed="0.111738"/>
</kw>
<doc>Opens the browser and navigates to the registration page.</doc>
<status status="PASS" start="2025-06-26T08:42:39.078753" elapsed="3.366201"/>
</kw>
<kw name="Ir a pagina de inicio de sesión" owner="registerUser_keywords">
<kw name="Click Link" owner="SeleniumLibrary">
<msg time="2025-06-26T08:42:42.446616" level="INFO">Clicking link 'xpath=/html/body/a'.</msg>
<arg>xpath=/html/body/a</arg>
<doc>Clicks a link identified by ``locator``.</doc>
<status status="PASS" start="2025-06-26T08:42:42.446015" elapsed="0.161991"/>
</kw>
<kw name="Sleep" owner="BuiltIn">
<msg time="2025-06-26T08:42:44.609534" level="INFO">Slept 2 seconds.</msg>
<arg>${WAIT}</arg>
<doc>Pauses the test executed for the given time.</doc>
<status status="PASS" start="2025-06-26T08:42:42.608223" elapsed="2.001562"/>
</kw>
<doc>Navigates to the login page.</doc>
<status status="PASS" start="2025-06-26T08:42:42.445537" elapsed="2.164459"/>
</kw>
<kw name="Ingresar credenciales" owner="registerUser_keywords">
<kw name="Wait Until Page Contains Element" owner="SeleniumLibrary">
<arg>name=username</arg>
<doc>Waits until the element ``locator`` appears on the current page.</doc>
<status status="PASS" start="2025-06-26T08:42:44.611096" elapsed="0.013634"/>
</kw>
<kw name="Input Text" owner="SeleniumLibrary">
<msg time="2025-06-26T08:42:44.625277" level="INFO">Typing text 'user' into text field 'id=username'.</msg>
<arg>id=username</arg>
<arg>${USERNAME}</arg>
<doc>Types the given ``text`` into the text field identified by ``locator``.</doc>
<status status="PASS" start="2025-06-26T08:42:44.624952" elapsed="0.122256"/>
</kw>
<kw name="Sleep" owner="BuiltIn">
<msg time="2025-06-26T08:42:46.748839" level="INFO">Slept 2 seconds.</msg>
<arg>${WAIT}</arg>
<doc>Pauses the test executed for the given time.</doc>
<status status="PASS" start="2025-06-26T08:42:44.747452" elapsed="2.001576"/>
</kw>
<kw name="Input Text" owner="SeleniumLibrary">
<msg time="2025-06-26T08:42:46.749764" level="INFO">Typing text 'password' into text field 'id=password'.</msg>
<arg>id=password</arg>
<arg>${PASSWORD}</arg>
<doc>Types the given ``text`` into the text field identified by ``locator``.</doc>
<status status="PASS" start="2025-06-26T08:42:46.749314" elapsed="0.062067"/>
</kw>
<kw name="Sleep" owner="BuiltIn">
<msg time="2025-06-26T08:42:48.812546" level="INFO">Slept 2 seconds.</msg>
<arg>${WAIT}</arg>
<doc>Pauses the test executed for the given time.</doc>
<status status="PASS" start="2025-06-26T08:42:46.811597" elapsed="2.001157"/>
</kw>
<kw name="Click Button" owner="SeleniumLibrary">
<msg time="2025-06-26T08:42:48.813513" level="INFO">Clicking button 'name=login'.</msg>
<arg>name=login</arg>
<doc>Clicks the button identified by ``locator``.</doc>
<status status="PASS" start="2025-06-26T08:42:48.813078" elapsed="0.097836"/>
</kw>
<kw name="Sleep" owner="BuiltIn">
<msg time="2025-06-26T08:42:50.911528" level="INFO">Slept 2 seconds.</msg>
<arg>${WAIT}</arg>
<doc>Pauses the test executed for the given time.</doc>
<status status="PASS" start="2025-06-26T08:42:48.911122" elapsed="2.000674"/>
</kw>
<doc>Enters the username and password into the login form.</doc>
<status status="PASS" start="2025-06-26T08:42:44.610527" elapsed="6.301480"/>
</kw>
<kw name="Page Should Contain Element" owner="SeleniumLibrary">
<msg time="2025-06-26T08:42:50.926694" level="INFO">Current page contains element 'xpath=//h1[contains(text(), 'Bienvenido')]'.</msg>
<arg>xpath=//h1[contains(text(), 'Bienvenido')]</arg>
<doc>Verifies that element ``locator`` is found on the current page.</doc>
<status status="PASS" start="2025-06-26T08:42:50.912286" elapsed="0.014499"/>
</kw>
<kw name="Ir a registar usuario" owner="registerUser_keywords">
<kw name="Click Link" owner="SeleniumLibrary">
<msg time="2025-06-26T08:42:50.927534" level="INFO">Clicking link 'xpath=/html/body/a[1]'.</msg>
<arg>xpath=/html/body/a[1]</arg>
<doc>Clicks a link identified by ``locator``.</doc>
<status status="PASS" start="2025-06-26T08:42:50.927341" elapsed="0.109159"/>
</kw>
<kw name="Sleep" owner="BuiltIn">
<msg time="2025-06-26T08:42:53.037415" level="INFO">Slept 2 seconds.</msg>
<arg>${WAIT}</arg>
<doc>Pauses the test executed for the given time.</doc>
<status status="PASS" start="2025-06-26T08:42:51.036785" elapsed="2.000834"/>
</kw>
<doc>Navigates to the user registration page.</doc>
<status status="PASS" start="2025-06-26T08:42:50.927037" elapsed="2.110780"/>
</kw>
<kw name="Ingresar datos de registro" owner="registerUser_keywords">
<kw name="Wait Until Page Contains Element" owner="SeleniumLibrary">
<arg>name=username</arg>
<doc>Waits until the element ``locator`` appears on the current page.</doc>
<status status="PASS" start="2025-06-26T08:42:53.038960" elapsed="0.009426"/>
</kw>
<kw name="Input Text" owner="SeleniumLibrary">
<msg time="2025-06-26T08:42:53.048962" level="INFO">Typing text 'Juan' into text field 'id=nombres'.</msg>
<arg>id=nombres</arg>
<arg>${NOMBRES}</arg>
<doc>Types the given ``text`` into the text field identified by ``locator``.</doc>
<status status="PASS" start="2025-06-26T08:42:53.048617" elapsed="0.063349"/>
</kw>
<kw name="Sleep" owner="BuiltIn">
<msg time="2025-06-26T08:42:55.115006" level="INFO">Slept 2 seconds.</msg>
<arg>${WAIT}</arg>
<doc>Pauses the test executed for the given time.</doc>
<status status="PASS" start="2025-06-26T08:42:53.112248" elapsed="2.002967"/>
</kw>
<kw name="Input Text" owner="SeleniumLibrary">
<msg time="2025-06-26T08:42:55.116075" level="INFO">Typing text 'Perez' into text field 'id=apellidos'.</msg>
<arg>id=apellidos</arg>
<arg>${APELLIDOS}</arg>
<doc>Types the given ``text`` into the text field identified by ``locator``.</doc>
<status status="PASS" start="2025-06-26T08:42:55.115561" elapsed="0.062577"/>
</kw>
<kw name="Sleep" owner="BuiltIn">
<msg time="2025-06-26T08:42:57.180562" level="INFO">Slept 2 seconds.</msg>
<arg>${WAIT}</arg>
<doc>Pauses the test executed for the given time.</doc>
<status status="PASS" start="2025-06-26T08:42:55.178348" elapsed="2.002465"/>
</kw>
<kw name="Input Text" owner="SeleniumLibrary">
<msg time="2025-06-26T08:42:57.181652" level="INFO">Typing text 'juan.perez' into text field 'id=username'.</msg>
<arg>id=username</arg>
<arg>${NEW_USERNAME}</arg>
<doc>Types the given ``text`` into the text field identified by ``locator``.</doc>
<status status="PASS" start="2025-06-26T08:42:57.181143" elapsed="0.060226"/>
</kw>
<kw name="Sleep" owner="BuiltIn">
<msg time="2025-06-26T08:42:59.244573" level="INFO">Slept 2 seconds.</msg>
<arg>${WAIT}</arg>
<doc>Pauses the test executed for the given time.</doc>
<status status="PASS" start="2025-06-26T08:42:57.241601" elapsed="2.003215"/>
</kw>
<kw name="Input Text" owner="SeleniumLibrary">
<msg time="2025-06-26T08:42:59.245676" level="INFO">Typing text 'juan.perez@gmail.com' into text field 'id=email'.</msg>
<arg>id=email</arg>
<arg>${NEW_EMAIL}</arg>
<doc>Types the given ``text`` into the text field identified by ``locator``.</doc>
<status status="PASS" start="2025-06-26T08:42:59.245154" elapsed="0.067771"/>
</kw>
<kw name="Sleep" owner="BuiltIn">
<msg time="2025-06-26T08:43:01.315896" level="INFO">Slept 2 seconds.</msg>
<arg>${WAIT}</arg>
<doc>Pauses the test executed for the given time.</doc>
<status status="PASS" start="2025-06-26T08:42:59.313241" elapsed="2.002883"/>
</kw>
<kw name="Input Text" owner="SeleniumLibrary">
<msg time="2025-06-26T08:43:01.317021" level="INFO">Typing text 'new_password' into text field 'id=password'.</msg>
<arg>id=password</arg>
<arg>${NEW_PASSWORD}</arg>
<doc>Types the given ``text`` into the text field identified by ``locator``.</doc>
<status status="PASS" start="2025-06-26T08:43:01.316465" elapsed="0.062023"/>
</kw>
<kw name="Sleep" owner="BuiltIn">
<msg time="2025-06-26T08:43:03.381478" level="INFO">Slept 2 seconds.</msg>
<arg>${WAIT}</arg>
<doc>Pauses the test executed for the given time.</doc>
<status status="PASS" start="2025-06-26T08:43:01.378728" elapsed="2.003000"/>
</kw>
<kw name="Click Button" owner="SeleniumLibrary">
<msg time="2025-06-26T08:43:03.382463" level="INFO">Clicking button 'name=registrar'.</msg>
<arg>name=registrar</arg>
<doc>Clicks the button identified by ``locator``.</doc>
<status status="PASS" start="2025-06-26T08:43:03.382058" elapsed="0.125955"/>
</kw>
<kw name="Sleep" owner="BuiltIn">
<msg time="2025-06-26T08:43:05.508685" level="INFO">Slept 2 seconds.</msg>
<arg>${WAIT}</arg>
<doc>Pauses the test executed for the given time.</doc>
<status status="PASS" start="2025-06-26T08:43:03.508244" elapsed="2.000680"/>
</kw>
<doc>Enters the registration data into the form.</doc>
<status status="PASS" start="2025-06-26T08:42:53.038388" elapsed="12.470742"/>
</kw>
<kw name="Page Should Contain Element" owner="SeleniumLibrary">
<msg time="2025-06-26T08:43:05.523717" level="INFO">Current page contains element 'xpath=//h1[contains(text(), 'Lista Usuarios')]'.</msg>
<arg>xpath=//h1[contains(text(), 'Lista Usuarios')]</arg>
<doc>Verifies that element ``locator`` is found on the current page.</doc>
<status status="PASS" start="2025-06-26T08:43:05.509582" elapsed="0.014253"/>
</kw>
<kw name="Page Should Contain Element" owner="SeleniumLibrary">
<msg time="2025-06-26T08:43:05.535032" level="INFO">Current page contains element 'xpath=//td[contains(text(), 'juan.perez@gmail.com')]'.</msg>
<arg>xpath=//td[contains(text(), '${NEW_EMAIL}')]</arg>
<doc>Verifies that element ``locator`` is found on the current page.</doc>
<status status="PASS" start="2025-06-26T08:43:05.524114" elapsed="0.011032"/>
</kw>
<kw name="Cerrar Navegador" owner="registerUser_keywords">
<kw name="Close Browser" owner="SeleniumLibrary">
<doc>Closes the current browser.</doc>
<status status="PASS" start="2025-06-26T08:43:05.535784" elapsed="0.092124"/>
</kw>
<doc>Closes the browser.</doc>
<status status="PASS" start="2025-06-26T08:43:05.535480" elapsed="0.092578"/>
</kw>
<doc>Verifica que un nuevo usuario puede registrarse correctamente.</doc>
<status status="PASS" start="2025-06-26T08:42:39.077914" elapsed="26.550492"/>
</test>
<doc>Tests para registrar un nuevo usuario</doc>
<status status="PASS" start="2025-06-26T08:42:38.898868" elapsed="26.730160"/>
</suite>
<statistics>
<total>
<stat pass="1" fail="0" skip="0">All Tests</stat>
</total>
<tag>
</tag>
<suite>
<stat name="registerUser test" id="s1" pass="1" fail="0" skip="0">registerUser test</stat>
</suite>
</statistics>
<errors>
</errors>
</robot>
